[0.994s] DEBUG:colcon:Command line arguments: ['/usr/bin/colcon', 'build', '--packages-select', 'ros2_project_sc23ww']
[0.994s] DEBUG:colcon:Parsed command line arguments: Namespace(log_base=None, log_level=None, verb_name='build', build_base='build', install_base='install', merge_install=False, symlink_install=False, test_result_base=None, continue_on_error=False, executor='parallel', parallel_workers=20, event_handlers=None, ignore_user_meta=False, metas=['./colcon.meta'], base_paths=['.'], packages_ignore=None, packages_ignore_regex=None, paths=None, packages_up_to=None, packages_up_to_regex=None, packages_above=None, packages_above_and_dependencies=None, packages_above_depth=None, packages_select_by_dep=None, packages_skip_by_dep=None, packages_skip_up_to=None, packages_select_build_failed=False, packages_skip_build_finished=False, packages_select_test_failures=False, packages_skip_test_passed=False, packages_select=['ros2_project_sc23ww'], packages_skip=None, packages_select_regex=None, packages_skip_regex=None, packages_start=None, packages_end=None, allow_overriding=[], cmake_args=None, cmake_target=None, cmake_target_skip_unavailable=False, cmake_clean_cache=False, cmake_clean_first=False, cmake_force_configure=False, ament_cmake_args=None, catkin_cmake_args=None, catkin_skip_building_tests=False, verb_parser=<colcon_defaults.argument_parser.defaults.DefaultArgumentsDecorator object at 0x7fce681a1d20>, verb_extension=<colcon_core.verb.build.BuildVerb object at 0x7fce68402b90>, main=<bound method BuildVerb.main of <colcon_core.verb.build.BuildVerb object at 0x7fce68402b90>>)
[1.044s] Level 1:colcon.colcon_core.package_discovery:discover_packages(colcon_meta) check parameters
[1.044s] Level 1:colcon.colcon_core.package_discovery:discover_packages(recursive) check parameters
[1.044s] Level 1:colcon.colcon_core.package_discovery:discover_packages(ignore) check parameters
[1.044s] Level 1:colcon.colcon_core.package_discovery:discover_packages(path) check parameters
[1.044s] Level 1:colcon.colcon_core.package_discovery:discover_packages(colcon_meta) discover
[1.044s] Level 1:colcon.colcon_core.package_discovery:discover_packages(recursive) discover
[1.044s] INFO:colcon.colcon_core.package_discovery:Crawling recursively for packages in '/uolstore/home/users/sc23ww/ros2_2proj'
[1.045s] Level 1:colcon.colcon_core.package_identification:_identify(.) by extensions ['ignore', 'ignore_ament_install']
[1.045s] Level 1:colcon.colcon_core.package_identification:_identify(.) by extension 'ignore'
[1.045s] Level 1:colcon.colcon_core.package_identification:_identify(.) by extension 'ignore_ament_install'
[1.045s] Level 1:colcon.colcon_core.package_identification:_identify(.) by extensions ['colcon_pkg']
[1.045s] Level 1:colcon.colcon_core.package_identification:_identify(.) by extension 'colcon_pkg'
[1.045s] Level 1:colcon.colcon_core.package_identification:_identify(.) by extensions ['colcon_meta']
[1.045s] Level 1:colcon.colcon_core.package_identification:_identify(.) by extension 'colcon_meta'
[1.045s] Level 1:colcon.colcon_core.package_identification:_identify(.) by extensions ['ros']
[1.045s] Level 1:colcon.colcon_core.package_identification:_identify(.) by extension 'ros'
[1.052s] Level 1:colcon.colcon_core.package_identification:_identify(.) by extensions ['cmake', 'python']
[1.052s] Level 1:colcon.colcon_core.package_identification:_identify(.) by extension 'cmake'
[1.052s] Level 1:colcon.colcon_core.package_identification:_identify(.) by extension 'python'
[1.053s] Level 1:colcon.colcon_core.package_identification:_identify(.) by extensions ['python_setup_py']
[1.053s] Level 1:colcon.colcon_core.package_identification:_identify(.) by extension 'python_setup_py'
[1.054s] Level 1:colcon.colcon_core.package_identification:_identify(build) by extensions ['ignore', 'ignore_ament_install']
[1.054s] Level 1:colcon.colcon_core.package_identification:_identify(build) by extension 'ignore'
[1.054s] Level 1:colcon.colcon_core.package_identification:_identify(build) ignored
[1.054s] Level 1:colcon.colcon_core.package_identification:_identify(install) by extensions ['ignore', 'ignore_ament_install']
[1.055s] Level 1:colcon.colcon_core.package_identification:_identify(install) by extension 'ignore'
[1.055s] Level 1:colcon.colcon_core.package_identification:_identify(install) ignored
[1.056s] Level 1:colcon.colcon_core.package_identification:_identify(log) by extensions ['ignore', 'ignore_ament_install']
[1.056s] Level 1:colcon.colcon_core.package_identification:_identify(log) by extension 'ignore'
[1.056s] Level 1:colcon.colcon_core.package_identification:_identify(log) ignored
[1.057s] Level 1:colcon.colcon_core.package_identification:_identify(map) by extensions ['ignore', 'ignore_ament_install']
[1.058s] Level 1:colcon.colcon_core.package_identification:_identify(map) by extension 'ignore'
[1.058s] Level 1:colcon.colcon_core.package_identification:_identify(map) by extension 'ignore_ament_install'
[1.058s] Level 1:colcon.colcon_core.package_identification:_identify(map) by extensions ['colcon_pkg']
[1.058s] Level 1:colcon.colcon_core.package_identification:_identify(map) by extension 'colcon_pkg'
[1.058s] Level 1:colcon.colcon_core.package_identification:_identify(map) by extensions ['colcon_meta']
[1.058s] Level 1:colcon.colcon_core.package_identification:_identify(map) by extension 'colcon_meta'
[1.058s] Level 1:colcon.colcon_core.package_identification:_identify(map) by extensions ['ros']
[1.058s] Level 1:colcon.colcon_core.package_identification:_identify(map) by extension 'ros'
[1.058s] Level 1:colcon.colcon_core.package_identification:_identify(map) by extensions ['cmake', 'python']
[1.058s] Level 1:colcon.colcon_core.package_identification:_identify(map) by extension 'cmake'
[1.058s] Level 1:colcon.colcon_core.package_identification:_identify(map) by extension 'python'
[1.058s] Level 1:colcon.colcon_core.package_identification:_identify(map) by extensions ['python_setup_py']
[1.058s] Level 1:colcon.colcon_core.package_identification:_identify(map) by extension 'python_setup_py'
[1.058s] Level 1:colcon.colcon_core.package_identification:_identify(src) by extensions ['ignore', 'ignore_ament_install']
[1.059s] Level 1:colcon.colcon_core.package_identification:_identify(src) by extension 'ignore'
[1.059s] Level 1:colcon.colcon_core.package_identification:_identify(src) by extension 'ignore_ament_install'
[1.059s] Level 1:colcon.colcon_core.package_identification:_identify(src) by extensions ['colcon_pkg']
[1.059s] Level 1:colcon.colcon_core.package_identification:_identify(src) by extension 'colcon_pkg'
[1.059s] Level 1:colcon.colcon_core.package_identification:_identify(src) by extensions ['colcon_meta']
[1.059s] Level 1:colcon.colcon_core.package_identification:_identify(src) by extension 'colcon_meta'
[1.059s] Level 1:colcon.colcon_core.package_identification:_identify(src) by extensions ['ros']
[1.059s] Level 1:colcon.colcon_core.package_identification:_identify(src) by extension 'ros'
[1.059s] Level 1:colcon.colcon_core.package_identification:_identify(src) by extensions ['cmake', 'python']
[1.059s] Level 1:colcon.colcon_core.package_identification:_identify(src) by extension 'cmake'
[1.059s] Level 1:colcon.colcon_core.package_identification:_identify(src) by extension 'python'
[1.059s] Level 1:colcon.colcon_core.package_identification:_identify(src) by extensions ['python_setup_py']
[1.059s] Level 1:colcon.colcon_core.package_identification:_identify(src) by extension 'python_setup_py'
[1.059s] Level 1:colcon.colcon_core.package_identification:_identify(src/ros2_project_sc23ww) by extensions ['ignore', 'ignore_ament_install']
[1.060s] Level 1:colcon.colcon_core.package_identification:_identify(src/ros2_project_sc23ww) by extension 'ignore'
[1.060s] Level 1:colcon.colcon_core.package_identification:_identify(src/ros2_project_sc23ww) by extension 'ignore_ament_install'
[1.060s] Level 1:colcon.colcon_core.package_identification:_identify(src/ros2_project_sc23ww) by extensions ['colcon_pkg']
[1.060s] Level 1:colcon.colcon_core.package_identification:_identify(src/ros2_project_sc23ww) by extension 'colcon_pkg'
[1.060s] Level 1:colcon.colcon_core.package_identification:_identify(src/ros2_project_sc23ww) by extensions ['colcon_meta']
[1.060s] Level 1:colcon.colcon_core.package_identification:_identify(src/ros2_project_sc23ww) by extension 'colcon_meta'
[1.060s] Level 1:colcon.colcon_core.package_identification:_identify(src/ros2_project_sc23ww) by extensions ['ros']
[1.060s] Level 1:colcon.colcon_core.package_identification:_identify(src/ros2_project_sc23ww) by extension 'ros'
[1.063s] DEBUG:colcon.colcon_core.package_identification:Package 'src/ros2_project_sc23ww' with type 'ros.ament_python' and name 'ros2_project_sc23ww'
[1.063s] Level 1:colcon.colcon_core.package_identification:_identify(src/turtlebot3_simulations) by extensions ['ignore', 'ignore_ament_install']
[1.063s] Level 1:colcon.colcon_core.package_identification:_identify(src/turtlebot3_simulations) by extension 'ignore'
[1.063s] Level 1:colcon.colcon_core.package_identification:_identify(src/turtlebot3_simulations) by extension 'ignore_ament_install'
[1.063s] Level 1:colcon.colcon_core.package_identification:_identify(src/turtlebot3_simulations) by extensions ['colcon_pkg']
[1.063s] Level 1:colcon.colcon_core.package_identification:_identify(src/turtlebot3_simulations) by extension 'colcon_pkg'
[1.063s] Level 1:colcon.colcon_core.package_identification:_identify(src/turtlebot3_simulations) by extensions ['colcon_meta']
[1.063s] Level 1:colcon.colcon_core.package_identification:_identify(src/turtlebot3_simulations) by extension 'colcon_meta'
[1.063s] Level 1:colcon.colcon_core.package_identification:_identify(src/turtlebot3_simulations) by extensions ['ros']
[1.063s] Level 1:colcon.colcon_core.package_identification:_identify(src/turtlebot3_simulations) by extension 'ros'
[1.063s] Level 1:colcon.colcon_core.package_identification:_identify(src/turtlebot3_simulations) by extensions ['cmake', 'python']
[1.063s] Level 1:colcon.colcon_core.package_identification:_identify(src/turtlebot3_simulations) by extension 'cmake'
[1.063s] Level 1:colcon.colcon_core.package_identification:_identify(src/turtlebot3_simulations) by extension 'python'
[1.063s] Level 1:colcon.colcon_core.package_identification:_identify(src/turtlebot3_simulations) by extensions ['python_setup_py']
[1.063s] Level 1:colcon.colcon_core.package_identification:_identify(src/turtlebot3_simulations) by extension 'python_setup_py'
[1.064s] Level 1:colcon.colcon_core.package_identification:_identify(src/turtlebot3_simulations/turtlebot3_fake_node) by extensions ['ignore', 'ignore_ament_install']
[1.064s] Level 1:colcon.colcon_core.package_identification:_identify(src/turtlebot3_simulations/turtlebot3_fake_node) by extension 'ignore'
[1.064s] Level 1:colcon.colcon_core.package_identification:_identify(src/turtlebot3_simulations/turtlebot3_fake_node) by extension 'ignore_ament_install'
[1.064s] Level 1:colcon.colcon_core.package_identification:_identify(src/turtlebot3_simulations/turtlebot3_fake_node) by extensions ['colcon_pkg']
[1.064s] Level 1:colcon.colcon_core.package_identification:_identify(src/turtlebot3_simulations/turtlebot3_fake_node) by extension 'colcon_pkg'
[1.064s] Level 1:colcon.colcon_core.package_identification:_identify(src/turtlebot3_simulations/turtlebot3_fake_node) by extensions ['colcon_meta']
[1.064s] Level 1:colcon.colcon_core.package_identification:_identify(src/turtlebot3_simulations/turtlebot3_fake_node) by extension 'colcon_meta'
[1.064s] Level 1:colcon.colcon_core.package_identification:_identify(src/turtlebot3_simulations/turtlebot3_fake_node) by extensions ['ros']
[1.064s] Level 1:colcon.colcon_core.package_identification:_identify(src/turtlebot3_simulations/turtlebot3_fake_node) by extension 'ros'
[1.066s] DEBUG:colcon.colcon_core.package_identification:Package 'src/turtlebot3_simulations/turtlebot3_fake_node' with type 'ros.ament_cmake' and name 'turtlebot3_fake_node'
[1.067s] Level 1:colcon.colcon_core.package_identification:_identify(src/turtlebot3_simulations/turtlebot3_gazebo) by extensions ['ignore', 'ignore_ament_install']
[1.067s] Level 1:colcon.colcon_core.package_identification:_identify(src/turtlebot3_simulations/turtlebot3_gazebo) by extension 'ignore'
[1.067s] Level 1:colcon.colcon_core.package_identification:_identify(src/turtlebot3_simulations/turtlebot3_gazebo) by extension 'ignore_ament_install'
[1.067s] Level 1:colcon.colcon_core.package_identification:_identify(src/turtlebot3_simulations/turtlebot3_gazebo) by extensions ['colcon_pkg']
[1.067s] Level 1:colcon.colcon_core.package_identification:_identify(src/turtlebot3_simulations/turtlebot3_gazebo) by extension 'colcon_pkg'
[1.067s] Level 1:colcon.colcon_core.package_identification:_identify(src/turtlebot3_simulations/turtlebot3_gazebo) by extensions ['colcon_meta']
[1.067s] Level 1:colcon.colcon_core.package_identification:_identify(src/turtlebot3_simulations/turtlebot3_gazebo) by extension 'colcon_meta'
[1.067s] Level 1:colcon.colcon_core.package_identification:_identify(src/turtlebot3_simulations/turtlebot3_gazebo) by extensions ['ros']
[1.067s] Level 1:colcon.colcon_core.package_identification:_identify(src/turtlebot3_simulations/turtlebot3_gazebo) by extension 'ros'
[1.069s] DEBUG:colcon.colcon_core.package_identification:Package 'src/turtlebot3_simulations/turtlebot3_gazebo' with type 'ros.ament_cmake' and name 'turtlebot3_gazebo'
[1.070s] Level 1:colcon.colcon_core.package_identification:_identify(src/turtlebot3_simulations/turtlebot3_simulations) by extensions ['ignore', 'ignore_ament_install']
[1.070s] Level 1:colcon.colcon_core.package_identification:_identify(src/turtlebot3_simulations/turtlebot3_simulations) by extension 'ignore'
[1.070s] Level 1:colcon.colcon_core.package_identification:_identify(src/turtlebot3_simulations/turtlebot3_simulations) by extension 'ignore_ament_install'
[1.070s] Level 1:colcon.colcon_core.package_identification:_identify(src/turtlebot3_simulations/turtlebot3_simulations) by extensions ['colcon_pkg']
[1.070s] Level 1:colcon.colcon_core.package_identification:_identify(src/turtlebot3_simulations/turtlebot3_simulations) by extension 'colcon_pkg'
[1.070s] Level 1:colcon.colcon_core.package_identification:_identify(src/turtlebot3_simulations/turtlebot3_simulations) by extensions ['colcon_meta']
[1.070s] Level 1:colcon.colcon_core.package_identification:_identify(src/turtlebot3_simulations/turtlebot3_simulations) by extension 'colcon_meta'
[1.070s] Level 1:colcon.colcon_core.package_identification:_identify(src/turtlebot3_simulations/turtlebot3_simulations) by extensions ['ros']
[1.070s] Level 1:colcon.colcon_core.package_identification:_identify(src/turtlebot3_simulations/turtlebot3_simulations) by extension 'ros'
[1.072s] DEBUG:colcon.colcon_core.package_identification:Package 'src/turtlebot3_simulations/turtlebot3_simulations' with type 'ros.ament_cmake' and name 'turtlebot3_simulations'
[1.072s] Level 1:colcon.colcon_core.package_discovery:discover_packages(recursive) using defaults
[1.072s] Level 1:colcon.colcon_core.package_discovery:discover_packages(ignore) discover
[1.072s] Level 1:colcon.colcon_core.package_discovery:discover_packages(ignore) using defaults
[1.072s] Level 1:colcon.colcon_core.package_discovery:discover_packages(path) discover
[1.072s] Level 1:colcon.colcon_core.package_discovery:discover_packages(path) using defaults
[1.134s] INFO:colcon.colcon_core.package_selection:Skipping not selected package 'turtlebot3_fake_node' in 'src/turtlebot3_simulations/turtlebot3_fake_node'
[1.134s] INFO:colcon.colcon_core.package_selection:Skipping not selected package 'turtlebot3_gazebo' in 'src/turtlebot3_simulations/turtlebot3_gazebo'
[1.134s] INFO:colcon.colcon_core.package_selection:Skipping not selected package 'turtlebot3_simulations' in 'src/turtlebot3_simulations/turtlebot3_simulations'
[1.163s] Level 1:colcon.colcon_core.package_discovery:discover_packages(prefix_path) check parameters
[1.163s] Level 1:colcon.colcon_core.package_discovery:discover_packages(prefix_path) discover
[1.214s] DEBUG:colcon.colcon_installed_package_information.package_discovery:Found 1 installed packages in /uolstore/home/users/sc23ww/ros2_2proj/install
[1.247s] DEBUG:colcon.colcon_installed_package_information.package_discovery:Found 8 installed packages in /uolstore/home/users/sc23ww/ros2_ws/install
[1.270s] DEBUG:colcon.colcon_installed_package_information.package_discovery:Found 383 installed packages in /opt/ros/humble
[1.271s] Level 1:colcon.colcon_core.package_discovery:discover_packages(prefix_path) using defaults
[1.376s] Level 5:colcon.colcon_core.verb:set package 'ros2_project_sc23ww' build argument 'cmake_args' from command line to 'None'
[1.376s] Level 5:colcon.colcon_core.verb:set package 'ros2_project_sc23ww' build argument 'cmake_target' from command line to 'None'
[1.376s] Level 5:colcon.colcon_core.verb:set package 'ros2_project_sc23ww' build argument 'cmake_target_skip_unavailable' from command line to 'False'
[1.376s] Level 5:colcon.colcon_core.verb:set package 'ros2_project_sc23ww' build argument 'cmake_clean_cache' from command line to 'False'
[1.376s] Level 5:colcon.colcon_core.verb:set package 'ros2_project_sc23ww' build argument 'cmake_clean_first' from command line to 'False'
[1.376s] Level 5:colcon.colcon_core.verb:set package 'ros2_project_sc23ww' build argument 'cmake_force_configure' from command line to 'False'
[1.376s] Level 5:colcon.colcon_core.verb:set package 'ros2_project_sc23ww' build argument 'ament_cmake_args' from command line to 'None'
[1.376s] Level 5:colcon.colcon_core.verb:set package 'ros2_project_sc23ww' build argument 'catkin_cmake_args' from command line to 'None'
[1.376s] Level 5:colcon.colcon_core.verb:set package 'ros2_project_sc23ww' build argument 'catkin_skip_building_tests' from command line to 'False'
[1.376s] DEBUG:colcon.colcon_core.verb:Building package 'ros2_project_sc23ww' with the following arguments: {'ament_cmake_args': None, 'build_base': '/uolstore/home/users/sc23ww/ros2_2proj/build/ros2_project_sc23ww', 'catkin_cmake_args': None, 'catkin_skip_building_tests': False, 'cmake_args': None, 'cmake_clean_cache': False, 'cmake_clean_first': False, 'cmake_force_configure': False, 'cmake_target': None, 'cmake_target_skip_unavailable': False, 'install_base': '/uolstore/home/users/sc23ww/ros2_2proj/install/ros2_project_sc23ww', 'merge_install': False, 'path': '/uolstore/home/users/sc23ww/ros2_2proj/src/ros2_project_sc23ww', 'symlink_install': False, 'test_result_base': None}
[1.392s] INFO:colcon.colcon_core.executor:Executing jobs using 'parallel' executor
[1.407s] DEBUG:colcon.colcon_parallel_executor.executor.parallel:run_until_complete
[1.407s] INFO:colcon.colcon_ros.task.ament_python.build:Building ROS package in '/uolstore/home/users/sc23ww/ros2_2proj/src/ros2_project_sc23ww' with build type 'ament_python'
[1.407s] Level 1:colcon.colcon_core.shell:create_environment_hook('ros2_project_sc23ww', 'ament_prefix_path')
[1.424s] INFO:colcon.colcon_core.plugin_system:Skipping extension 'colcon_core.shell.bat': Not used on non-Windows systems
[1.424s] INFO:colcon.colcon_core.shell:Creating environment hook '/uolstore/home/users/sc23ww/ros2_2proj/install/ros2_project_sc23ww/share/ros2_project_sc23ww/hook/ament_prefix_path.ps1'
[1.433s] INFO:colcon.colcon_core.shell:Creating environment descriptor '/uolstore/home/users/sc23ww/ros2_2proj/install/ros2_project_sc23ww/share/ros2_project_sc23ww/hook/ament_prefix_path.dsv'
[1.439s] INFO:colcon.colcon_core.shell:Creating environment hook '/uolstore/home/users/sc23ww/ros2_2proj/install/ros2_project_sc23ww/share/ros2_project_sc23ww/hook/ament_prefix_path.sh'
[1.470s] INFO:colcon.colcon_core.shell:Skip shell extension 'powershell' for command environment: Not usable outside of PowerShell
[1.470s] DEBUG:colcon.colcon_core.shell:Skip shell extension 'dsv' for command environment
[1.822s] INFO:colcon.colcon_core.task.python.build:Building Python package in '/uolstore/home/users/sc23ww/ros2_2proj/src/ros2_project_sc23ww'
[1.876s] INFO:colcon.colcon_core.shell:Skip shell extension 'powershell' for command environment: Not usable outside of PowerShell
[1.876s] DEBUG:colcon.colcon_core.shell:Skip shell extension 'dsv' for command environment
[2.331s] DEBUG:colcon.colcon_core.event_handler.log_command:Invoking command in '/uolstore/home/users/sc23ww/ros2_2proj/src/ros2_project_sc23ww': PYTHONPATH=/uolstore/home/users/sc23ww/ros2_2proj/build/ros2_project_sc23ww/prefix_override:/uolstore/home/users/sc23ww/ros2_2proj/install/ros2_project_sc23ww/lib/python3.10/site-packages:${PYTHONPATH} /usr/bin/python3 setup.py egg_info --egg-base ../../build/ros2_project_sc23ww build --build-base /uolstore/home/users/sc23ww/ros2_2proj/build/ros2_project_sc23ww/build install --record /uolstore/home/users/sc23ww/ros2_2proj/build/ros2_project_sc23ww/install.log --single-version-externally-managed
[2.826s] DEBUG:colcon.colcon_core.event_handler.log_command:Invoked command in '/uolstore/home/users/sc23ww/ros2_2proj/src/ros2_project_sc23ww' returned '0': PYTHONPATH=/uolstore/home/users/sc23ww/ros2_2proj/build/ros2_project_sc23ww/prefix_override:/uolstore/home/users/sc23ww/ros2_2proj/install/ros2_project_sc23ww/lib/python3.10/site-packages:${PYTHONPATH} /usr/bin/python3 setup.py egg_info --egg-base ../../build/ros2_project_sc23ww build --build-base /uolstore/home/users/sc23ww/ros2_2proj/build/ros2_project_sc23ww/build install --record /uolstore/home/users/sc23ww/ros2_2proj/build/ros2_project_sc23ww/install.log --single-version-externally-managed
[2.846s] Level 1:colcon.colcon_core.environment:checking '/uolstore/home/users/sc23ww/ros2_2proj/install/ros2_project_sc23ww' for CMake module files
[2.849s] Level 1:colcon.colcon_core.environment:checking '/uolstore/home/users/sc23ww/ros2_2proj/install/ros2_project_sc23ww' for CMake config files
[2.856s] Level 1:colcon.colcon_core.environment:checking '/uolstore/home/users/sc23ww/ros2_2proj/install/ros2_project_sc23ww/lib'
[2.856s] Level 1:colcon.colcon_core.environment:checking '/uolstore/home/users/sc23ww/ros2_2proj/install/ros2_project_sc23ww/bin'
[2.857s] Level 1:colcon.colcon_core.environment:checking '/uolstore/home/users/sc23ww/ros2_2proj/install/ros2_project_sc23ww/lib/pkgconfig/ros2_project_sc23ww.pc'
[2.857s] Level 1:colcon.colcon_core.environment:checking '/uolstore/home/users/sc23ww/ros2_2proj/install/ros2_project_sc23ww/lib/python3.10/site-packages'
[2.857s] Level 1:colcon.colcon_core.shell:create_environment_hook('ros2_project_sc23ww', 'pythonpath')
[2.872s] INFO:colcon.colcon_core.shell:Creating environment hook '/uolstore/home/users/sc23ww/ros2_2proj/install/ros2_project_sc23ww/share/ros2_project_sc23ww/hook/pythonpath.ps1'
[2.889s] INFO:colcon.colcon_core.shell:Creating environment descriptor '/uolstore/home/users/sc23ww/ros2_2proj/install/ros2_project_sc23ww/share/ros2_project_sc23ww/hook/pythonpath.dsv'
[2.911s] INFO:colcon.colcon_core.shell:Creating environment hook '/uolstore/home/users/sc23ww/ros2_2proj/install/ros2_project_sc23ww/share/ros2_project_sc23ww/hook/pythonpath.sh'
[2.917s] Level 1:colcon.colcon_core.environment:checking '/uolstore/home/users/sc23ww/ros2_2proj/install/ros2_project_sc23ww/bin'
[2.917s] Level 1:colcon.colcon_core.environment:create_environment_scripts_only(ros2_project_sc23ww)
[2.933s] INFO:colcon.colcon_core.shell:Creating package script '/uolstore/home/users/sc23ww/ros2_2proj/install/ros2_project_sc23ww/share/ros2_project_sc23ww/package.ps1'
[2.939s] INFO:colcon.colcon_core.shell:Creating package descriptor '/uolstore/home/users/sc23ww/ros2_2proj/install/ros2_project_sc23ww/share/ros2_project_sc23ww/package.dsv'
[2.945s] INFO:colcon.colcon_core.shell:Creating package script '/uolstore/home/users/sc23ww/ros2_2proj/install/ros2_project_sc23ww/share/ros2_project_sc23ww/package.sh'
[2.954s] INFO:colcon.colcon_core.shell:Creating package script '/uolstore/home/users/sc23ww/ros2_2proj/install/ros2_project_sc23ww/share/ros2_project_sc23ww/package.bash'
[2.959s] INFO:colcon.colcon_core.shell:Creating package script '/uolstore/home/users/sc23ww/ros2_2proj/install/ros2_project_sc23ww/share/ros2_project_sc23ww/package.zsh'
[2.973s] Level 1:colcon.colcon_core.environment:create_file_with_runtime_dependencies(/uolstore/home/users/sc23ww/ros2_2proj/install/ros2_project_sc23ww/share/colcon-core/packages/ros2_project_sc23ww)
[2.975s] DEBUG:colcon.colcon_parallel_executor.executor.parallel:closing loop
[2.975s] DEBUG:colcon.colcon_parallel_executor.executor.parallel:loop closed
[2.976s] DEBUG:colcon.colcon_parallel_executor.executor.parallel:run_until_complete finished with '0'
[2.976s] DEBUG:colcon.colcon_core.event_reactor:joining thread
[3.004s] INFO:colcon.colcon_core.plugin_system:Skipping extension 'colcon_notification.desktop_notification.notify_send': Could not find 'notify-send'
[3.004s] INFO:colcon.colcon_core.plugin_system:Skipping extension 'colcon_notification.desktop_notification.terminal_notifier': Not used on non-Darwin systems
[3.005s] INFO:colcon.colcon_core.plugin_system:Skipping extension 'colcon_notification.desktop_notification.win32': Not used on non-Windows systems
[3.005s] INFO:colcon.colcon_notification.desktop_notification:Sending desktop notification using 'notify2'
[3.011s] DEBUG:colcon.colcon_core.event_reactor:joined thread
[3.027s] INFO:colcon.colcon_core.shell:Creating prefix script '/uolstore/home/users/sc23ww/ros2_2proj/install/local_setup.ps1'
[3.033s] INFO:colcon.colcon_core.shell:Creating prefix util module '/uolstore/home/users/sc23ww/ros2_2proj/install/_local_setup_util_ps1.py'
[3.041s] INFO:colcon.colcon_core.shell:Creating prefix chain script '/uolstore/home/users/sc23ww/ros2_2proj/install/setup.ps1'
[3.071s] INFO:colcon.colcon_core.shell:Creating prefix script '/uolstore/home/users/sc23ww/ros2_2proj/install/local_setup.sh'
[3.077s] INFO:colcon.colcon_core.shell:Creating prefix util module '/uolstore/home/users/sc23ww/ros2_2proj/install/_local_setup_util_sh.py'
[3.082s] INFO:colcon.colcon_core.shell:Creating prefix chain script '/uolstore/home/users/sc23ww/ros2_2proj/install/setup.sh'
[3.121s] INFO:colcon.colcon_core.shell:Creating prefix script '/uolstore/home/users/sc23ww/ros2_2proj/install/local_setup.bash'
[3.129s] INFO:colcon.colcon_core.shell:Creating prefix chain script '/uolstore/home/users/sc23ww/ros2_2proj/install/setup.bash'
[3.167s] INFO:colcon.colcon_core.shell:Creating prefix script '/uolstore/home/users/sc23ww/ros2_2proj/install/local_setup.zsh'
[3.189s] INFO:colcon.colcon_core.shell:Creating prefix chain script '/uolstore/home/users/sc23ww/ros2_2proj/install/setup.zsh'
