[0.812s] Invoking command in '/uolstore/home/users/sc23ww/ros2_2proj/src/ros2_project_sc23ww': NODE_OPTIONS= --require /usr/share/code/resources/app/extensions/ms-vscode.js-debug/src/bootloader.js PYTHONPATH=/uolstore/home/users/sc23ww/ros2_2proj/build/ros2_project_sc23ww/prefix_override:/uolstore/home/users/sc23ww/ros2_2proj/install/ros2_project_sc23ww/lib/python3.10/site-packages:${PYTHONPATH} /usr/bin/python3 setup.py egg_info --egg-base ../../build/ros2_project_sc23ww build --build-base /uolstore/home/users/sc23ww/ros2_2proj/build/ros2_project_sc23ww/build install --record /uolstore/home/users/sc23ww/ros2_2proj/build/ros2_project_sc23ww/install.log --single-version-externally-managed
[1.057s] running egg_info
[1.058s] writing ../../build/ros2_project_sc23ww/ros2_project_sc23ww.egg-info/PKG-INFO
[1.062s] writing dependency_links to ../../build/ros2_project_sc23ww/ros2_project_sc23ww.egg-info/dependency_links.txt
[1.065s] writing entry points to ../../build/ros2_project_sc23ww/ros2_project_sc23ww.egg-info/entry_points.txt
[1.068s] writing requirements to ../../build/ros2_project_sc23ww/ros2_project_sc23ww.egg-info/requires.txt
[1.070s] writing top-level names to ../../build/ros2_project_sc23ww/ros2_project_sc23ww.egg-info/top_level.txt
[1.081s] reading manifest file '../../build/ros2_project_sc23ww/ros2_project_sc23ww.egg-info/SOURCES.txt'
[1.083s] writing manifest file '../../build/ros2_project_sc23ww/ros2_project_sc23ww.egg-info/SOURCES.txt'
[1.085s] running build
[1.085s] running build_py
[1.089s] running install
[1.089s] running install_lib
[1.096s] running install_data
[1.097s] running install_egg_info
[1.098s] removing '/uolstore/home/users/sc23ww/ros2_2proj/install/ros2_project_sc23ww/lib/python3.10/site-packages/ros2_project_sc23ww-0.0.0-py3.10.egg-info' (and everything under it)
[1.108s] Copying ../../build/ros2_project_sc23ww/ros2_project_sc23ww.egg-info to /uolstore/home/users/sc23ww/ros2_2proj/install/ros2_project_sc23ww/lib/python3.10/site-packages/ros2_project_sc23ww-0.0.0-py3.10.egg-info
[1.150s] running install_scripts
[1.166s] Installing project_node script to /uolstore/home/users/sc23ww/ros2_2proj/install/ros2_project_sc23ww/lib/ros2_project_sc23ww
[1.171s] writing list of installed files to '/uolstore/home/users/sc23ww/ros2_2proj/build/ros2_project_sc23ww/install.log'
[1.186s] Invoked command in '/uolstore/home/users/sc23ww/ros2_2proj/src/ros2_project_sc23ww' returned '0': NODE_OPTIONS= --require /usr/share/code/resources/app/extensions/ms-vscode.js-debug/src/bootloader.js PYTHONPATH=/uolstore/home/users/sc23ww/ros2_2proj/build/ros2_project_sc23ww/prefix_override:/uolstore/home/users/sc23ww/ros2_2proj/install/ros2_project_sc23ww/lib/python3.10/site-packages:${PYTHONPATH} /usr/bin/python3 setup.py egg_info --egg-base ../../build/ros2_project_sc23ww build --build-base /uolstore/home/users/sc23ww/ros2_2proj/build/ros2_project_sc23ww/build install --record /uolstore/home/users/sc23ww/ros2_2proj/build/ros2_project_sc23ww/install.log --single-version-externally-managed
