[0.796s] Invoking command in '/uolstore/home/users/sc23ww/ros2_2proj/src/ros2_project_sc23ww': NODE_OPTIONS= --require /usr/share/code/resources/app/extensions/ms-vscode.js-debug/src/bootloader.js PYTHONPATH=/uolstore/home/users/sc23ww/ros2_2proj/build/ros2_project_sc23ww/prefix_override:/uolstore/home/users/sc23ww/ros2_2proj/install/ros2_project_sc23ww/lib/python3.10/site-packages:${PYTHONPATH} /usr/bin/python3 setup.py egg_info --egg-base ../../build/ros2_project_sc23ww build --build-base /uolstore/home/users/sc23ww/ros2_2proj/build/ros2_project_sc23ww/build install --record /uolstore/home/users/sc23ww/ros2_2proj/build/ros2_project_sc23ww/install.log --single-version-externally-managed
[1.042s] running egg_info
[1.042s] writing ../../build/ros2_project_sc23ww/ros2_project_sc23ww.egg-info/PKG-INFO
[1.047s] writing dependency_links to ../../build/ros2_project_sc23ww/ros2_project_sc23ww.egg-info/dependency_links.txt
[1.051s] writing entry points to ../../build/ros2_project_sc23ww/ros2_project_sc23ww.egg-info/entry_points.txt
[1.054s] writing requirements to ../../build/ros2_project_sc23ww/ros2_project_sc23ww.egg-info/requires.txt
[1.056s] writing top-level names to ../../build/ros2_project_sc23ww/ros2_project_sc23ww.egg-info/top_level.txt
[1.066s] reading manifest file '../../build/ros2_project_sc23ww/ros2_project_sc23ww.egg-info/SOURCES.txt'
[1.072s] writing manifest file '../../build/ros2_project_sc23ww/ros2_project_sc23ww.egg-info/SOURCES.txt'
[1.074s] running build
[1.074s] running build_py
[1.076s] copying ros2_project_sc23ww/project_node.py -> /uolstore/home/users/sc23ww/ros2_2proj/build/ros2_project_sc23ww/build/lib/ros2_project_sc23ww
[1.081s] running install
[1.081s] running install_lib
[1.086s] copying /uolstore/home/users/sc23ww/ros2_2proj/build/ros2_project_sc23ww/build/lib/ros2_project_sc23ww/project_node.py -> /uolstore/home/users/sc23ww/ros2_2proj/install/ros2_project_sc23ww/lib/python3.10/site-packages/ros2_project_sc23ww
[1.100s] byte-compiling /uolstore/home/users/sc23ww/ros2_2proj/install/ros2_project_sc23ww/lib/python3.10/site-packages/ros2_project_sc23ww/project_node.py to project_node.cpython-310.pyc
[1.108s] running install_data
[1.110s] running install_egg_info
[1.111s] removing '/uolstore/home/users/sc23ww/ros2_2proj/install/ros2_project_sc23ww/lib/python3.10/site-packages/ros2_project_sc23ww-0.0.0-py3.10.egg-info' (and everything under it)
[1.121s] Copying ../../build/ros2_project_sc23ww/ros2_project_sc23ww.egg-info to /uolstore/home/users/sc23ww/ros2_2proj/install/ros2_project_sc23ww/lib/python3.10/site-packages/ros2_project_sc23ww-0.0.0-py3.10.egg-info
[1.168s] running install_scripts
[1.185s] Installing project_node script to /uolstore/home/users/sc23ww/ros2_2proj/install/ros2_project_sc23ww/lib/ros2_project_sc23ww
[1.189s] writing list of installed files to '/uolstore/home/users/sc23ww/ros2_2proj/build/ros2_project_sc23ww/install.log'
[1.204s] Invoked command in '/uolstore/home/users/sc23ww/ros2_2proj/src/ros2_project_sc23ww' returned '0': NODE_OPTIONS= --require /usr/share/code/resources/app/extensions/ms-vscode.js-debug/src/bootloader.js PYTHONPATH=/uolstore/home/users/sc23ww/ros2_2proj/build/ros2_project_sc23ww/prefix_override:/uolstore/home/users/sc23ww/ros2_2proj/install/ros2_project_sc23ww/lib/python3.10/site-packages:${PYTHONPATH} /usr/bin/python3 setup.py egg_info --egg-base ../../build/ros2_project_sc23ww build --build-base /uolstore/home/users/sc23ww/ros2_2proj/build/ros2_project_sc23ww/build install --record /uolstore/home/users/sc23ww/ros2_2proj/build/ros2_project_sc23ww/install.log --single-version-externally-managed
