[1.104s] DEBUG:colcon:Command line arguments: ['/usr/bin/colcon', 'build', '--packages-select', 'ros2_project_sc23ww']
[1.104s] DEBUG:colcon:Parsed command line arguments: Namespace(log_base=None, log_level=None, verb_name='build', build_base='build', install_base='install', merge_install=False, symlink_install=False, test_result_base=None, continue_on_error=False, executor='parallel', parallel_workers=20, event_handlers=None, ignore_user_meta=False, metas=['./colcon.meta'], base_paths=['.'], packages_ignore=None, packages_ignore_regex=None, paths=None, packages_up_to=None, packages_up_to_regex=None, packages_above=None, packages_above_and_dependencies=None, packages_above_depth=None, packages_select_by_dep=None, packages_skip_by_dep=None, packages_skip_up_to=None, packages_select_build_failed=False, packages_skip_build_finished=False, packages_select_test_failures=False, packages_skip_test_passed=False, packages_select=['ros2_project_sc23ww'], packages_skip=None, packages_select_regex=None, packages_skip_regex=None, packages_start=None, packages_end=None, allow_overriding=[], cmake_args=None, cmake_target=None, cmake_target_skip_unavailable=False, cmake_clean_cache=False, cmake_clean_first=False, cmake_force_configure=False, ament_cmake_args=None, catkin_cmake_args=None, catkin_skip_building_tests=False, verb_parser=<colcon_defaults.argument_parser.defaults.DefaultArgumentsDecorator object at 0x7effb456dcc0>, verb_extension=<colcon_core.verb.build.BuildVerb object at 0x7effb47d0250>, main=<bound method BuildVerb.main of <colcon_core.verb.build.BuildVerb object at 0x7effb47d0250>>)
[1.154s] Level 1:colcon.colcon_core.package_discovery:discover_packages(colcon_meta) check parameters
[1.154s] Level 1:colcon.colcon_core.package_discovery:discover_packages(recursive) check parameters
[1.154s] Level 1:colcon.colcon_core.package_discovery:discover_packages(ignore) check parameters
[1.154s] Level 1:colcon.colcon_core.package_discovery:discover_packages(path) check parameters
[1.154s] Level 1:colcon.colcon_core.package_discovery:discover_packages(colcon_meta) discover
[1.154s] Level 1:colcon.colcon_core.package_discovery:discover_packages(recursive) discover
[1.154s] INFO:colcon.colcon_core.package_discovery:Crawling recursively for packages in '/uolstore/home/users/sc23ww/ros2_2proj'
[1.155s] Level 1:colcon.colcon_core.package_identification:_identify(.) by extensions ['ignore', 'ignore_ament_install']
[1.155s] Level 1:colcon.colcon_core.package_identification:_identify(.) by extension 'ignore'
[1.155s] Level 1:colcon.colcon_core.package_identification:_identify(.) by extension 'ignore_ament_install'
[1.155s] Level 1:colcon.colcon_core.package_identification:_identify(.) by extensions ['colcon_pkg']
[1.155s] Level 1:colcon.colcon_core.package_identification:_identify(.) by extension 'colcon_pkg'
[1.155s] Level 1:colcon.colcon_core.package_identification:_identify(.) by extensions ['colcon_meta']
[1.155s] Level 1:colcon.colcon_core.package_identification:_identify(.) by extension 'colcon_meta'
[1.155s] Level 1:colcon.colcon_core.package_identification:_identify(.) by extensions ['ros']
[1.155s] Level 1:colcon.colcon_core.package_identification:_identify(.) by extension 'ros'
[1.162s] Level 1:colcon.colcon_core.package_identification:_identify(.) by extensions ['cmake', 'python']
[1.162s] Level 1:colcon.colcon_core.package_identification:_identify(.) by extension 'cmake'
[1.162s] Level 1:colcon.colcon_core.package_identification:_identify(.) by extension 'python'
[1.162s] Level 1:colcon.colcon_core.package_identification:_identify(.) by extensions ['python_setup_py']
[1.162s] Level 1:colcon.colcon_core.package_identification:_identify(.) by extension 'python_setup_py'
[1.163s] Level 1:colcon.colcon_core.package_identification:_identify(build) by extensions ['ignore', 'ignore_ament_install']
[1.163s] Level 1:colcon.colcon_core.package_identification:_identify(build) by extension 'ignore'
[1.163s] Level 1:colcon.colcon_core.package_identification:_identify(build) ignored
[1.163s] Level 1:colcon.colcon_core.package_identification:_identify(install) by extensions ['ignore', 'ignore_ament_install']
[1.163s] Level 1:colcon.colcon_core.package_identification:_identify(install) by extension 'ignore'
[1.163s] Level 1:colcon.colcon_core.package_identification:_identify(install) ignored
[1.165s] Level 1:colcon.colcon_core.package_identification:_identify(log) by extensions ['ignore', 'ignore_ament_install']
[1.165s] Level 1:colcon.colcon_core.package_identification:_identify(log) by extension 'ignore'
[1.165s] Level 1:colcon.colcon_core.package_identification:_identify(log) ignored
[1.166s] Level 1:colcon.colcon_core.package_identification:_identify(map) by extensions ['ignore', 'ignore_ament_install']
[1.166s] Level 1:colcon.colcon_core.package_identification:_identify(map) by extension 'ignore'
[1.166s] Level 1:colcon.colcon_core.package_identification:_identify(map) by extension 'ignore_ament_install'
[1.166s] Level 1:colcon.colcon_core.package_identification:_identify(map) by extensions ['colcon_pkg']
[1.166s] Level 1:colcon.colcon_core.package_identification:_identify(map) by extension 'colcon_pkg'
[1.166s] Level 1:colcon.colcon_core.package_identification:_identify(map) by extensions ['colcon_meta']
[1.166s] Level 1:colcon.colcon_core.package_identification:_identify(map) by extension 'colcon_meta'
[1.166s] Level 1:colcon.colcon_core.package_identification:_identify(map) by extensions ['ros']
[1.166s] Level 1:colcon.colcon_core.package_identification:_identify(map) by extension 'ros'
[1.166s] Level 1:colcon.colcon_core.package_identification:_identify(map) by extensions ['cmake', 'python']
[1.166s] Level 1:colcon.colcon_core.package_identification:_identify(map) by extension 'cmake'
[1.166s] Level 1:colcon.colcon_core.package_identification:_identify(map) by extension 'python'
[1.166s] Level 1:colcon.colcon_core.package_identification:_identify(map) by extensions ['python_setup_py']
[1.166s] Level 1:colcon.colcon_core.package_identification:_identify(map) by extension 'python_setup_py'
[1.166s] Level 1:colcon.colcon_core.package_identification:_identify(src) by extensions ['ignore', 'ignore_ament_install']
[1.166s] Level 1:colcon.colcon_core.package_identification:_identify(src) by extension 'ignore'
[1.166s] Level 1:colcon.colcon_core.package_identification:_identify(src) by extension 'ignore_ament_install'
[1.166s] Level 1:colcon.colcon_core.package_identification:_identify(src) by extensions ['colcon_pkg']
[1.167s] Level 1:colcon.colcon_core.package_identification:_identify(src) by extension 'colcon_pkg'
[1.167s] Level 1:colcon.colcon_core.package_identification:_identify(src) by extensions ['colcon_meta']
[1.167s] Level 1:colcon.colcon_core.package_identification:_identify(src) by extension 'colcon_meta'
[1.167s] Level 1:colcon.colcon_core.package_identification:_identify(src) by extensions ['ros']
[1.167s] Level 1:colcon.colcon_core.package_identification:_identify(src) by extension 'ros'
[1.167s] Level 1:colcon.colcon_core.package_identification:_identify(src) by extensions ['cmake', 'python']
[1.167s] Level 1:colcon.colcon_core.package_identification:_identify(src) by extension 'cmake'
[1.167s] Level 1:colcon.colcon_core.package_identification:_identify(src) by extension 'python'
[1.167s] Level 1:colcon.colcon_core.package_identification:_identify(src) by extensions ['python_setup_py']
[1.167s] Level 1:colcon.colcon_core.package_identification:_identify(src) by extension 'python_setup_py'
[1.167s] Level 1:colcon.colcon_core.package_identification:_identify(src/ros2_project_sc23ww) by extensions ['ignore', 'ignore_ament_install']
[1.167s] Level 1:colcon.colcon_core.package_identification:_identify(src/ros2_project_sc23ww) by extension 'ignore'
[1.167s] Level 1:colcon.colcon_core.package_identification:_identify(src/ros2_project_sc23ww) by extension 'ignore_ament_install'
[1.167s] Level 1:colcon.colcon_core.package_identification:_identify(src/ros2_project_sc23ww) by extensions ['colcon_pkg']
[1.167s] Level 1:colcon.colcon_core.package_identification:_identify(src/ros2_project_sc23ww) by extension 'colcon_pkg'
[1.167s] Level 1:colcon.colcon_core.package_identification:_identify(src/ros2_project_sc23ww) by extensions ['colcon_meta']
[1.167s] Level 1:colcon.colcon_core.package_identification:_identify(src/ros2_project_sc23ww) by extension 'colcon_meta'
[1.167s] Level 1:colcon.colcon_core.package_identification:_identify(src/ros2_project_sc23ww) by extensions ['ros']
[1.167s] Level 1:colcon.colcon_core.package_identification:_identify(src/ros2_project_sc23ww) by extension 'ros'
[1.170s] DEBUG:colcon.colcon_core.package_identification:Package 'src/ros2_project_sc23ww' with type 'ros.ament_python' and name 'ros2_project_sc23ww'
[1.170s] Level 1:colcon.colcon_core.package_identification:_identify(src/turtlebot3_simulations) by extensions ['ignore', 'ignore_ament_install']
[1.171s] Level 1:colcon.colcon_core.package_identification:_identify(src/turtlebot3_simulations) by extension 'ignore'
[1.171s] Level 1:colcon.colcon_core.package_identification:_identify(src/turtlebot3_simulations) by extension 'ignore_ament_install'
[1.171s] Level 1:colcon.colcon_core.package_identification:_identify(src/turtlebot3_simulations) by extensions ['colcon_pkg']
[1.171s] Level 1:colcon.colcon_core.package_identification:_identify(src/turtlebot3_simulations) by extension 'colcon_pkg'
[1.171s] Level 1:colcon.colcon_core.package_identification:_identify(src/turtlebot3_simulations) by extensions ['colcon_meta']
[1.171s] Level 1:colcon.colcon_core.package_identification:_identify(src/turtlebot3_simulations) by extension 'colcon_meta'
[1.171s] Level 1:colcon.colcon_core.package_identification:_identify(src/turtlebot3_simulations) by extensions ['ros']
[1.171s] Level 1:colcon.colcon_core.package_identification:_identify(src/turtlebot3_simulations) by extension 'ros'
[1.171s] Level 1:colcon.colcon_core.package_identification:_identify(src/turtlebot3_simulations) by extensions ['cmake', 'python']
[1.171s] Level 1:colcon.colcon_core.package_identification:_identify(src/turtlebot3_simulations) by extension 'cmake'
[1.171s] Level 1:colcon.colcon_core.package_identification:_identify(src/turtlebot3_simulations) by extension 'python'
[1.171s] Level 1:colcon.colcon_core.package_identification:_identify(src/turtlebot3_simulations) by extensions ['python_setup_py']
[1.171s] Level 1:colcon.colcon_core.package_identification:_identify(src/turtlebot3_simulations) by extension 'python_setup_py'
[1.171s] Level 1:colcon.colcon_core.package_identification:_identify(src/turtlebot3_simulations/turtlebot3_fake_node) by extensions ['ignore', 'ignore_ament_install']
[1.171s] Level 1:colcon.colcon_core.package_identification:_identify(src/turtlebot3_simulations/turtlebot3_fake_node) by extension 'ignore'
[1.171s] Level 1:colcon.colcon_core.package_identification:_identify(src/turtlebot3_simulations/turtlebot3_fake_node) by extension 'ignore_ament_install'
[1.171s] Level 1:colcon.colcon_core.package_identification:_identify(src/turtlebot3_simulations/turtlebot3_fake_node) by extensions ['colcon_pkg']
[1.171s] Level 1:colcon.colcon_core.package_identification:_identify(src/turtlebot3_simulations/turtlebot3_fake_node) by extension 'colcon_pkg'
[1.171s] Level 1:colcon.colcon_core.package_identification:_identify(src/turtlebot3_simulations/turtlebot3_fake_node) by extensions ['colcon_meta']
[1.171s] Level 1:colcon.colcon_core.package_identification:_identify(src/turtlebot3_simulations/turtlebot3_fake_node) by extension 'colcon_meta'
[1.171s] Level 1:colcon.colcon_core.package_identification:_identify(src/turtlebot3_simulations/turtlebot3_fake_node) by extensions ['ros']
[1.171s] Level 1:colcon.colcon_core.package_identification:_identify(src/turtlebot3_simulations/turtlebot3_fake_node) by extension 'ros'
[1.173s] DEBUG:colcon.colcon_core.package_identification:Package 'src/turtlebot3_simulations/turtlebot3_fake_node' with type 'ros.ament_cmake' and name 'turtlebot3_fake_node'
[1.174s] Level 1:colcon.colcon_core.package_identification:_identify(src/turtlebot3_simulations/turtlebot3_gazebo) by extensions ['ignore', 'ignore_ament_install']
[1.174s] Level 1:colcon.colcon_core.package_identification:_identify(src/turtlebot3_simulations/turtlebot3_gazebo) by extension 'ignore'
[1.174s] Level 1:colcon.colcon_core.package_identification:_identify(src/turtlebot3_simulations/turtlebot3_gazebo) by extension 'ignore_ament_install'
[1.174s] Level 1:colcon.colcon_core.package_identification:_identify(src/turtlebot3_simulations/turtlebot3_gazebo) by extensions ['colcon_pkg']
[1.174s] Level 1:colcon.colcon_core.package_identification:_identify(src/turtlebot3_simulations/turtlebot3_gazebo) by extension 'colcon_pkg'
[1.174s] Level 1:colcon.colcon_core.package_identification:_identify(src/turtlebot3_simulations/turtlebot3_gazebo) by extensions ['colcon_meta']
[1.174s] Level 1:colcon.colcon_core.package_identification:_identify(src/turtlebot3_simulations/turtlebot3_gazebo) by extension 'colcon_meta'
[1.174s] Level 1:colcon.colcon_core.package_identification:_identify(src/turtlebot3_simulations/turtlebot3_gazebo) by extensions ['ros']
[1.174s] Level 1:colcon.colcon_core.package_identification:_identify(src/turtlebot3_simulations/turtlebot3_gazebo) by extension 'ros'
[1.176s] DEBUG:colcon.colcon_core.package_identification:Package 'src/turtlebot3_simulations/turtlebot3_gazebo' with type 'ros.ament_cmake' and name 'turtlebot3_gazebo'
[1.176s] Level 1:colcon.colcon_core.package_identification:_identify(src/turtlebot3_simulations/turtlebot3_simulations) by extensions ['ignore', 'ignore_ament_install']
[1.176s] Level 1:colcon.colcon_core.package_identification:_identify(src/turtlebot3_simulations/turtlebot3_simulations) by extension 'ignore'
[1.177s] Level 1:colcon.colcon_core.package_identification:_identify(src/turtlebot3_simulations/turtlebot3_simulations) by extension 'ignore_ament_install'
[1.177s] Level 1:colcon.colcon_core.package_identification:_identify(src/turtlebot3_simulations/turtlebot3_simulations) by extensions ['colcon_pkg']
[1.177s] Level 1:colcon.colcon_core.package_identification:_identify(src/turtlebot3_simulations/turtlebot3_simulations) by extension 'colcon_pkg'
[1.177s] Level 1:colcon.colcon_core.package_identification:_identify(src/turtlebot3_simulations/turtlebot3_simulations) by extensions ['colcon_meta']
[1.177s] Level 1:colcon.colcon_core.package_identification:_identify(src/turtlebot3_simulations/turtlebot3_simulations) by extension 'colcon_meta'
[1.177s] Level 1:colcon.colcon_core.package_identification:_identify(src/turtlebot3_simulations/turtlebot3_simulations) by extensions ['ros']
[1.177s] Level 1:colcon.colcon_core.package_identification:_identify(src/turtlebot3_simulations/turtlebot3_simulations) by extension 'ros'
[1.179s] DEBUG:colcon.colcon_core.package_identification:Package 'src/turtlebot3_simulations/turtlebot3_simulations' with type 'ros.ament_cmake' and name 'turtlebot3_simulations'
[1.179s] Level 1:colcon.colcon_core.package_discovery:discover_packages(recursive) using defaults
[1.179s] Level 1:colcon.colcon_core.package_discovery:discover_packages(ignore) discover
[1.179s] Level 1:colcon.colcon_core.package_discovery:discover_packages(ignore) using defaults
[1.179s] Level 1:colcon.colcon_core.package_discovery:discover_packages(path) discover
[1.179s] Level 1:colcon.colcon_core.package_discovery:discover_packages(path) using defaults
[1.243s] INFO:colcon.colcon_core.package_selection:Skipping not selected package 'turtlebot3_fake_node' in 'src/turtlebot3_simulations/turtlebot3_fake_node'
[1.243s] INFO:colcon.colcon_core.package_selection:Skipping not selected package 'turtlebot3_gazebo' in 'src/turtlebot3_simulations/turtlebot3_gazebo'
[1.243s] INFO:colcon.colcon_core.package_selection:Skipping not selected package 'turtlebot3_simulations' in 'src/turtlebot3_simulations/turtlebot3_simulations'
[1.274s] Level 1:colcon.colcon_core.package_discovery:discover_packages(prefix_path) check parameters
[1.274s] Level 1:colcon.colcon_core.package_discovery:discover_packages(prefix_path) discover
[1.323s] DEBUG:colcon.colcon_installed_package_information.package_discovery:Found 8 installed packages in /uolstore/home/users/sc23ww/ros2_ws/install
[1.341s] DEBUG:colcon.colcon_installed_package_information.package_discovery:Found 383 installed packages in /opt/ros/humble
[1.349s] Level 1:colcon.colcon_core.package_discovery:discover_packages(prefix_path) using defaults
[1.450s] Level 5:colcon.colcon_core.verb:set package 'ros2_project_sc23ww' build argument 'cmake_args' from command line to 'None'
[1.450s] Level 5:colcon.colcon_core.verb:set package 'ros2_project_sc23ww' build argument 'cmake_target' from command line to 'None'
[1.450s] Level 5:colcon.colcon_core.verb:set package 'ros2_project_sc23ww' build argument 'cmake_target_skip_unavailable' from command line to 'False'
[1.450s] Level 5:colcon.colcon_core.verb:set package 'ros2_project_sc23ww' build argument 'cmake_clean_cache' from command line to 'False'
[1.450s] Level 5:colcon.colcon_core.verb:set package 'ros2_project_sc23ww' build argument 'cmake_clean_first' from command line to 'False'
[1.450s] Level 5:colcon.colcon_core.verb:set package 'ros2_project_sc23ww' build argument 'cmake_force_configure' from command line to 'False'
[1.450s] Level 5:colcon.colcon_core.verb:set package 'ros2_project_sc23ww' build argument 'ament_cmake_args' from command line to 'None'
[1.450s] Level 5:colcon.colcon_core.verb:set package 'ros2_project_sc23ww' build argument 'catkin_cmake_args' from command line to 'None'
[1.450s] Level 5:colcon.colcon_core.verb:set package 'ros2_project_sc23ww' build argument 'catkin_skip_building_tests' from command line to 'False'
[1.450s] DEBUG:colcon.colcon_core.verb:Building package 'ros2_project_sc23ww' with the following arguments: {'ament_cmake_args': None, 'build_base': '/uolstore/home/users/sc23ww/ros2_2proj/build/ros2_project_sc23ww', 'catkin_cmake_args': None, 'catkin_skip_building_tests': False, 'cmake_args': None, 'cmake_clean_cache': False, 'cmake_clean_first': False, 'cmake_force_configure': False, 'cmake_target': None, 'cmake_target_skip_unavailable': False, 'install_base': '/uolstore/home/users/sc23ww/ros2_2proj/install/ros2_project_sc23ww', 'merge_install': False, 'path': '/uolstore/home/users/sc23ww/ros2_2proj/src/ros2_project_sc23ww', 'symlink_install': False, 'test_result_base': None}
[1.467s] INFO:colcon.colcon_core.executor:Executing jobs using 'parallel' executor
[1.483s] DEBUG:colcon.colcon_parallel_executor.executor.parallel:run_until_complete
[1.483s] INFO:colcon.colcon_ros.task.ament_python.build:Building ROS package in '/uolstore/home/users/sc23ww/ros2_2proj/src/ros2_project_sc23ww' with build type 'ament_python'
[1.483s] Level 1:colcon.colcon_core.shell:create_environment_hook('ros2_project_sc23ww', 'ament_prefix_path')
[1.503s] INFO:colcon.colcon_core.plugin_system:Skipping extension 'colcon_core.shell.bat': Not used on non-Windows systems
[1.503s] INFO:colcon.colcon_core.shell:Creating environment hook '/uolstore/home/users/sc23ww/ros2_2proj/install/ros2_project_sc23ww/share/ros2_project_sc23ww/hook/ament_prefix_path.ps1'
[1.507s] INFO:colcon.colcon_core.shell:Creating environment descriptor '/uolstore/home/users/sc23ww/ros2_2proj/install/ros2_project_sc23ww/share/ros2_project_sc23ww/hook/ament_prefix_path.dsv'
[1.511s] INFO:colcon.colcon_core.shell:Creating environment hook '/uolstore/home/users/sc23ww/ros2_2proj/install/ros2_project_sc23ww/share/ros2_project_sc23ww/hook/ament_prefix_path.sh'
[1.531s] INFO:colcon.colcon_core.shell:Skip shell extension 'powershell' for command environment: Not usable outside of PowerShell
[1.531s] DEBUG:colcon.colcon_core.shell:Skip shell extension 'dsv' for command environment
[1.866s] INFO:colcon.colcon_core.task.python.build:Building Python package in '/uolstore/home/users/sc23ww/ros2_2proj/src/ros2_project_sc23ww'
[1.882s] INFO:colcon.colcon_core.shell:Skip shell extension 'powershell' for command environment: Not usable outside of PowerShell
[1.882s] DEBUG:colcon.colcon_core.shell:Skip shell extension 'dsv' for command environment
[2.330s] DEBUG:colcon.colcon_core.event_handler.log_command:Invoking command in '/uolstore/home/users/sc23ww/ros2_2proj/src/ros2_project_sc23ww': NODE_OPTIONS= --require /usr/share/code/resources/app/extensions/ms-vscode.js-debug/src/bootloader.js PYTHONPATH=/uolstore/home/users/sc23ww/ros2_2proj/build/ros2_project_sc23ww/prefix_override:/uolstore/home/users/sc23ww/ros2_2proj/install/ros2_project_sc23ww/lib/python3.10/site-packages:${PYTHONPATH} /usr/bin/python3 setup.py egg_info --egg-base ../../build/ros2_project_sc23ww build --build-base /uolstore/home/users/sc23ww/ros2_2proj/build/ros2_project_sc23ww/build install --record /uolstore/home/users/sc23ww/ros2_2proj/build/ros2_project_sc23ww/install.log --single-version-externally-managed
[2.728s] DEBUG:colcon.colcon_core.event_handler.log_command:Invoked command in '/uolstore/home/users/sc23ww/ros2_2proj/src/ros2_project_sc23ww' returned '0': NODE_OPTIONS= --require /usr/share/code/resources/app/extensions/ms-vscode.js-debug/src/bootloader.js PYTHONPATH=/uolstore/home/users/sc23ww/ros2_2proj/build/ros2_project_sc23ww/prefix_override:/uolstore/home/users/sc23ww/ros2_2proj/install/ros2_project_sc23ww/lib/python3.10/site-packages:${PYTHONPATH} /usr/bin/python3 setup.py egg_info --egg-base ../../build/ros2_project_sc23ww build --build-base /uolstore/home/users/sc23ww/ros2_2proj/build/ros2_project_sc23ww/build install --record /uolstore/home/users/sc23ww/ros2_2proj/build/ros2_project_sc23ww/install.log --single-version-externally-managed
[2.747s] Level 1:colcon.colcon_core.environment:checking '/uolstore/home/users/sc23ww/ros2_2proj/install/ros2_project_sc23ww' for CMake module files
[2.750s] Level 1:colcon.colcon_core.environment:checking '/uolstore/home/users/sc23ww/ros2_2proj/install/ros2_project_sc23ww' for CMake config files
[2.759s] Level 1:colcon.colcon_core.environment:checking '/uolstore/home/users/sc23ww/ros2_2proj/install/ros2_project_sc23ww/lib'
[2.759s] Level 1:colcon.colcon_core.environment:checking '/uolstore/home/users/sc23ww/ros2_2proj/install/ros2_project_sc23ww/bin'
[2.760s] Level 1:colcon.colcon_core.environment:checking '/uolstore/home/users/sc23ww/ros2_2proj/install/ros2_project_sc23ww/lib/pkgconfig/ros2_project_sc23ww.pc'
[2.760s] Level 1:colcon.colcon_core.environment:checking '/uolstore/home/users/sc23ww/ros2_2proj/install/ros2_project_sc23ww/lib/python3.10/site-packages'
[2.760s] Level 1:colcon.colcon_core.shell:create_environment_hook('ros2_project_sc23ww', 'pythonpath')
[2.777s] INFO:colcon.colcon_core.shell:Creating environment hook '/uolstore/home/users/sc23ww/ros2_2proj/install/ros2_project_sc23ww/share/ros2_project_sc23ww/hook/pythonpath.ps1'
[2.780s] INFO:colcon.colcon_core.shell:Creating environment descriptor '/uolstore/home/users/sc23ww/ros2_2proj/install/ros2_project_sc23ww/share/ros2_project_sc23ww/hook/pythonpath.dsv'
[2.783s] INFO:colcon.colcon_core.shell:Creating environment hook '/uolstore/home/users/sc23ww/ros2_2proj/install/ros2_project_sc23ww/share/ros2_project_sc23ww/hook/pythonpath.sh'
[2.787s] Level 1:colcon.colcon_core.environment:checking '/uolstore/home/users/sc23ww/ros2_2proj/install/ros2_project_sc23ww/bin'
[2.787s] Level 1:colcon.colcon_core.environment:create_environment_scripts_only(ros2_project_sc23ww)
[2.804s] INFO:colcon.colcon_core.shell:Creating package script '/uolstore/home/users/sc23ww/ros2_2proj/install/ros2_project_sc23ww/share/ros2_project_sc23ww/package.ps1'
[2.808s] INFO:colcon.colcon_core.shell:Creating package descriptor '/uolstore/home/users/sc23ww/ros2_2proj/install/ros2_project_sc23ww/share/ros2_project_sc23ww/package.dsv'
[2.812s] INFO:colcon.colcon_core.shell:Creating package script '/uolstore/home/users/sc23ww/ros2_2proj/install/ros2_project_sc23ww/share/ros2_project_sc23ww/package.sh'
[2.816s] INFO:colcon.colcon_core.shell:Creating package script '/uolstore/home/users/sc23ww/ros2_2proj/install/ros2_project_sc23ww/share/ros2_project_sc23ww/package.bash'
[2.819s] INFO:colcon.colcon_core.shell:Creating package script '/uolstore/home/users/sc23ww/ros2_2proj/install/ros2_project_sc23ww/share/ros2_project_sc23ww/package.zsh'
[2.822s] Level 1:colcon.colcon_core.environment:create_file_with_runtime_dependencies(/uolstore/home/users/sc23ww/ros2_2proj/install/ros2_project_sc23ww/share/colcon-core/packages/ros2_project_sc23ww)
[2.825s] DEBUG:colcon.colcon_parallel_executor.executor.parallel:closing loop
[2.825s] DEBUG:colcon.colcon_parallel_executor.executor.parallel:loop closed
[2.825s] DEBUG:colcon.colcon_parallel_executor.executor.parallel:run_until_complete finished with '0'
[2.825s] DEBUG:colcon.colcon_core.event_reactor:joining thread
[2.857s] INFO:colcon.colcon_core.plugin_system:Skipping extension 'colcon_notification.desktop_notification.notify_send': Could not find 'notify-send'
[2.857s] INFO:colcon.colcon_core.plugin_system:Skipping extension 'colcon_notification.desktop_notification.terminal_notifier': Not used on non-Darwin systems
[2.857s] INFO:colcon.colcon_core.plugin_system:Skipping extension 'colcon_notification.desktop_notification.win32': Not used on non-Windows systems
[2.857s] INFO:colcon.colcon_notification.desktop_notification:Sending desktop notification using 'notify2'
[2.863s] DEBUG:colcon.colcon_core.event_reactor:joined thread
[2.881s] INFO:colcon.colcon_core.shell:Creating prefix script '/uolstore/home/users/sc23ww/ros2_2proj/install/local_setup.ps1'
[2.885s] INFO:colcon.colcon_core.shell:Creating prefix util module '/uolstore/home/users/sc23ww/ros2_2proj/install/_local_setup_util_ps1.py'
[2.890s] INFO:colcon.colcon_core.shell:Creating prefix chain script '/uolstore/home/users/sc23ww/ros2_2proj/install/setup.ps1'
[2.920s] INFO:colcon.colcon_core.shell:Creating prefix script '/uolstore/home/users/sc23ww/ros2_2proj/install/local_setup.sh'
[2.924s] INFO:colcon.colcon_core.shell:Creating prefix util module '/uolstore/home/users/sc23ww/ros2_2proj/install/_local_setup_util_sh.py'
[2.928s] INFO:colcon.colcon_core.shell:Creating prefix chain script '/uolstore/home/users/sc23ww/ros2_2proj/install/setup.sh'
[2.961s] INFO:colcon.colcon_core.shell:Creating prefix script '/uolstore/home/users/sc23ww/ros2_2proj/install/local_setup.bash'
[2.965s] INFO:colcon.colcon_core.shell:Creating prefix chain script '/uolstore/home/users/sc23ww/ros2_2proj/install/setup.bash'
[2.998s] INFO:colcon.colcon_core.shell:Creating prefix script '/uolstore/home/users/sc23ww/ros2_2proj/install/local_setup.zsh'
[3.002s] INFO:colcon.colcon_core.shell:Creating prefix chain script '/uolstore/home/users/sc23ww/ros2_2proj/install/setup.zsh'
