[0.000000] (-) TimerEvent: {}
[0.000226] (-) JobUnselected: {'identifier': 'turtlebot3_fake_node'}
[0.000315] (-) JobUnselected: {'identifier': 'turtlebot3_gazebo'}
[0.000341] (-) JobUnselected: {'identifier': 'turtlebot3_simulations'}
[0.000371] (ros2_project_sc23ww) JobQueued: {'identifier': 'ros2_project_sc23ww', 'dependencies': OrderedDict()}
[0.000916] (ros2_project_sc23ww) JobStarted: {'identifier': 'ros2_project_sc23ww'}
[0.099278] (-) TimerEvent: {}
[0.199527] (-) TimerEvent: {}
[0.299781] (-) TimerEvent: {}
[0.400149] (-) TimerEvent: {}
[0.500399] (-) TimerEvent: {}
[0.600668] (-) TimerEvent: {}
[0.700921] (-) TimerEvent: {}
[0.801223] (-) TimerEvent: {}
[0.813645] (ros2_project_sc23ww) Command: {'cmd': ['/usr/bin/python3', 'setup.py', 'egg_info', '--egg-base', '../../build/ros2_project_sc23ww', 'build', '--build-base', '/uolstore/home/users/sc23ww/ros2_2proj/build/ros2_project_sc23ww/build', 'install', '--record', '/uolstore/home/users/sc23ww/ros2_2proj/build/ros2_project_sc23ww/install.log', '--single-version-externally-managed'], 'cwd': '/uolstore/home/users/sc23ww/ros2_2proj/src/ros2_project_sc23ww', 'env': {'LESSOPEN': '||/usr/bin/lesspipe.sh %s', 'LMOD_DIR': '/usr/share/lmod/lmod/libexec', 'MAIL': '/var/spool/mail/sc23ww', 'USER': 'sc23ww', 'HOSTNAME': 'uol-pc-055401.leeds.ac.uk', 'XDG_SESSION_TYPE': 'x11', 'GIT_ASKPASS': '/usr/share/code/resources/app/extensions/git/dist/askpass.sh', 'LMOD_PKG': '/usr/share/lmod/lmod', 'SHLVL': '3', 'LD_LIBRARY_PATH': '/usr/lib/x86_64-linux-gnu/gazebo-11/plugins:/opt/ros/humble/opt/rviz_ogre_vendor/lib:/opt/ros/humble/lib/x86_64-linux-gnu:/opt/ros/humble/lib:/.singularity.d/libs:/usr/lib/x86_64-linux-gnu/gazebo-11/plugins:', 'HOME': '/uolstore/home/users/sc23ww', 'CHROME_DESKTOP': 'code-url-handler.desktop', 'OLDPWD': '/uolstore/home/users/sc23ww/ros2_2proj', 'TERM_PROGRAM_VERSION': '1.86.2', 'DESKTOP_SESSION': 'gnome', 'USER_PATH': '/usr/local/bin:/usr/bin:/bin:/usr/sbin:/sbin:/bin:/usr/bin:/sbin:/usr/sbin:/usr/local/bin:/usr/local/sbin', 'GAZEBO_MASTER_URI': 'http://localhost:11345', 'ROS_PYTHON_VERSION': '3', 'FPATH': '/usr/share/lmod/lmod/init/ksh_funcs', 'VSCODE_GIT_ASKPASS_MAIN': '/usr/share/code/resources/app/extensions/git/dist/askpass-main.js', 'PS1': '\\[\x1b]633;A\x07\\][COMP3631] Singularity> \\w $ \\[\x1b]633;B\x07\\]', 'VSCODE_GIT_ASKPASS_NODE': '/usr/share/code/code', 'SYSTEMD_EXEC_PID': '87517', 'DBUS_SESSION_BUS_ADDRESS': 'unix:path=/run/user/606002/bus', 'COLORTERM': 'truecolor', 'APPTAINER_ENVIRONMENT': '/.singularity.d/env/91-environment.sh', 'LMOD_sys': 'Linux', 'which_declare': 'declare -f', 'COLCON_PREFIX_PATH': '/uolstore/home/users/sc23ww/ros2_2proj/install:/uolstore/home/users/sc23ww/ros2_ws/install', 'ROS_DISTRO': 'humble', 'SINGULARITY_ENVIRONMENT': '/.singularity.d/env/91-environment.sh', 'LOGNAME': 'sc23ww', 'LMOD_VERSION': '8.7.65', '_': '/usr/bin/colcon', 'ROS_VERSION': '2', 'XDG_SESSION_CLASS': 'user', 'USERNAME': 'sc23ww', 'TERM': 'xterm-256color', 'GAZEBO_MODEL_PATH': '/usr/share/gazebo-11/models:', 'ROS_LOCALHOST_ONLY': '1', 'HISTCONTROL': 'ignoredups', 'WINDOWPATH': '2', 'OGRE_RESOURCE_PATH': '/usr/lib/x86_64-linux-gnu/OGRE-1.9.0', 'PATH': '/opt/ros/humble/bin:/usr/local/bin:/usr/bin:/bin:/usr/sbin:/sbin', 'GDM_LANG': 'en_GB.UTF-8', 'APPTAINER_COMMAND': 'shell', 'LMOD_SETTARG_FULL_SUPPORT': 'no', 'XDG_MENU_PREFIX': 'gnome-', 'GNOME_TERMINAL_SCREEN': '/org/gnome/Terminal/screen/8523a18c_0955_42e5_b167_54b09a1b989c', 'XDG_RUNTIME_DIR': '/run/user/606002', 'GDK_BACKEND': 'x11', 'DISPLAY': ':1', 'HISTSIZE': '1000', 'APPTAINER_APPNAME': '', 'LANG': 'en_US.UTF-8', 'XDG_CURRENT_DESKTOP': 'GNOME', 'LMOD_ROOT': '/usr/share/lmod', 'XMODIFIERS': '@im=ibus', 'XDG_SESSION_DESKTOP': 'gnome', 'XAUTHORITY': '/run/user/606002/gdm/Xauthority', 'VSCODE_GIT_IPC_HANDLE': '/run/user/606002/vscode-git-5c9e4217db.sock', 'GNOME_TERMINAL_SERVICE': ':1.75', 'TERM_PROGRAM': 'vscode', 'SSH_AUTH_SOCK': '/run/user/606002/keyring/ssh', 'ROS_DOMAIN_ID': '30', 'AMENT_PREFIX_PATH': '/uolstore/home/users/sc23ww/ros2_2proj/install/ros2_project_sc23ww:/opt/ros/humble:/uolstore/home/users/sc23ww/ros2_ws/install/turtlebot3_simulations:/uolstore/home/users/sc23ww/ros2_ws/install/turtlebot3_gazebo:/uolstore/home/users/sc23ww/ros2_ws/install/turtlebot3_fake_node:/uolstore/home/users/sc23ww/ros2_ws/install/ros2_project_sc23ww:/uolstore/home/users/sc23ww/ros2_ws/install/lab4:/uolstore/home/users/sc23ww/ros2_ws/install/lab3:/uolstore/home/users/sc23ww/ros2_ws/install/lab2:/uolstore/home/users/sc23ww/ros2_ws/install/lab1', 'ORIGINAL_XDG_CURRENT_DESKTOP': 'GNOME', 'SHELL': '/bin/bash', 'KRB5CCNAME': 'KEYRING:persistent:606002', 'MODULEPATH_ROOT': '/usr/share/modulefiles', 'NO_AT_BRIDGE': '1', 'GDMSESSION': 'gnome', 'APPTAINER_CONTAINER': '/vol/scratch/SoC/COMP3631/comp3631.simg', 'APPTAINER_BIND': '/run/user/606002,/etc/localtime', 'LMOD_CMD': '/usr/share/lmod/lmod/libexec/lmod', 'GAZEBO_RESOURCE_PATH': '/usr/share/gazebo-11:', 'GAZEBO_MODEL_DATABASE_URI': 'http://models.gazebosim.org', 'SINGULARITY_CONTAINER': '/vol/scratch/SoC/COMP3631/comp3631.simg', 'VSCODE_GIT_ASKPASS_EXTRA_ARGS': '', 'BASH_ENV': '/usr/share/lmod/lmod/init/bash', 'QT_IM_MODULE': 'ibus', 'SINGULARITY_BIND': '/run/user/606002,/etc/localtime', 'DEBUGINFOD_IMA_CERT_PATH': '/etc/keys/ima:', 'PWD': '/uolstore/home/users/sc23ww/ros2_2proj/build/ros2_project_sc23ww', 'TURTLEBOT3_MODEL': 'burger', 'APPTAINER_NAME': 'comp3631.simg', 'GAZEBO_PLUGIN_PATH': '/usr/lib/x86_64-linux-gnu/gazebo-11/plugins:', 'XDG_DATA_DIRS': '/uolstore/home/users/sc23ww/.local/share/flatpak/exports/share:/var/lib/flatpak/exports/share:/usr/local/share/:/usr/share/', 'PYTHONPATH': '/uolstore/home/users/sc23ww/ros2_2proj/build/ros2_project_sc23ww/prefix_override:/uolstore/home/users/sc23ww/ros2_2proj/install/ros2_project_sc23ww/lib/python3.10/site-packages:/uolstore/home/users/sc23ww/ros2_2proj/install/ros2_project_sc23ww/lib/python3.10/site-packages:/opt/ros/humble/lib/python3.10/site-packages:/opt/ros/humble/local/lib/python3.10/dist-packages:/uolstore/home/users/sc23ww/ros2_ws/install/ros2_project_sc23ww/lib/python3.10/site-packages:/uolstore/home/users/sc23ww/ros2_ws/install/lab4/lib/python3.10/site-packages:/uolstore/home/users/sc23ww/ros2_ws/install/lab3/lib/python3.10/site-packages:/uolstore/home/users/sc23ww/ros2_ws/install/lab2/lib/python3.10/site-packages:/uolstore/home/users/sc23ww/ros2_ws/install/lab1/lib/python3.10/site-packages', 'SINGULARITY_NAME': 'comp3631.simg', 'COLCON': '1', 'MANPATH': '/usr/share/lmod/lmod/share/man::/opt/puppetlabs/puppet/share/man', 'VTE_VERSION': '6402', 'MODULEPATH': '/etc/scl/modulefiles:/usr/share/modulefiles:/uollinapps/v2/current/uol/spack/el9/Core:/uollinapps/v2/current/uol/other/el9:/uollinapps/v2/current/soc/spack/el9/Core:/uollinapps/v2/current/soc/other:/usr/share/modulefiles/Linux:/usr/share/modulefiles/Core:/usr/share/lmod/lmod/modulefiles/Core', 'MODULESHOME': '/usr/share/lmod/lmod', 'CMAKE_PREFIX_PATH': '/uolstore/home/users/sc23ww/ros2_ws/install/turtlebot3_simulations:/uolstore/home/users/sc23ww/ros2_ws/install/turtlebot3_gazebo:/uolstore/home/users/sc23ww/ros2_ws/install/turtlebot3_fake_node'}, 'shell': False}
[0.901297] (-) TimerEvent: {}
[1.001496] (-) TimerEvent: {}
[1.045680] (ros2_project_sc23ww) StdoutLine: {'line': b'running egg_info\n'}
[1.046420] (ros2_project_sc23ww) StdoutLine: {'line': b'writing ../../build/ros2_project_sc23ww/ros2_project_sc23ww.egg-info/PKG-INFO\n'}
[1.053928] (ros2_project_sc23ww) StdoutLine: {'line': b'writing dependency_links to ../../build/ros2_project_sc23ww/ros2_project_sc23ww.egg-info/dependency_links.txt\n'}
[1.057826] (ros2_project_sc23ww) StdoutLine: {'line': b'writing entry points to ../../build/ros2_project_sc23ww/ros2_project_sc23ww.egg-info/entry_points.txt\n'}
[1.063182] (ros2_project_sc23ww) StdoutLine: {'line': b'writing requirements to ../../build/ros2_project_sc23ww/ros2_project_sc23ww.egg-info/requires.txt\n'}
[1.068776] (ros2_project_sc23ww) StdoutLine: {'line': b'writing top-level names to ../../build/ros2_project_sc23ww/ros2_project_sc23ww.egg-info/top_level.txt\n'}
[1.080931] (ros2_project_sc23ww) StdoutLine: {'line': b"reading manifest file '../../build/ros2_project_sc23ww/ros2_project_sc23ww.egg-info/SOURCES.txt'\n"}
[1.083066] (ros2_project_sc23ww) StdoutLine: {'line': b"writing manifest file '../../build/ros2_project_sc23ww/ros2_project_sc23ww.egg-info/SOURCES.txt'\n"}
[1.087852] (ros2_project_sc23ww) StdoutLine: {'line': b'running build\n'}
[1.087917] (ros2_project_sc23ww) StdoutLine: {'line': b'running build_py\n'}
[1.092205] (ros2_project_sc23ww) StdoutLine: {'line': b'running install\n'}
[1.092351] (ros2_project_sc23ww) StdoutLine: {'line': b'running install_lib\n'}
[1.099837] (ros2_project_sc23ww) StdoutLine: {'line': b'running install_data\n'}
[1.101598] (-) TimerEvent: {}
[1.101684] (ros2_project_sc23ww) StdoutLine: {'line': b'running install_egg_info\n'}
[1.103272] (ros2_project_sc23ww) StdoutLine: {'line': b"removing '/uolstore/home/users/sc23ww/ros2_2proj/install/ros2_project_sc23ww/lib/python3.10/site-packages/ros2_project_sc23ww-0.0.0-py3.10.egg-info' (and everything under it)\n"}
[1.113290] (ros2_project_sc23ww) StdoutLine: {'line': b'Copying ../../build/ros2_project_sc23ww/ros2_project_sc23ww.egg-info to /uolstore/home/users/sc23ww/ros2_2proj/install/ros2_project_sc23ww/lib/python3.10/site-packages/ros2_project_sc23ww-0.0.0-py3.10.egg-info\n'}
[1.154841] (ros2_project_sc23ww) StdoutLine: {'line': b'running install_scripts\n'}
[1.171202] (ros2_project_sc23ww) StdoutLine: {'line': b'Installing project_node script to /uolstore/home/users/sc23ww/ros2_2proj/install/ros2_project_sc23ww/lib/ros2_project_sc23ww\n'}
[1.175314] (ros2_project_sc23ww) StdoutLine: {'line': b"writing list of installed files to '/uolstore/home/users/sc23ww/ros2_2proj/build/ros2_project_sc23ww/install.log'\n"}
[1.191095] (ros2_project_sc23ww) CommandEnded: {'returncode': 0}
[1.201690] (-) TimerEvent: {}
[1.284765] (ros2_project_sc23ww) JobEnded: {'identifier': 'ros2_project_sc23ww', 'rc': 0}
[1.292768] (-) EventReactorShutdown: {}
