running egg_info
creating ../../build/ros2_project_sc23ww/ros2_project_sc23ww.egg-info
writing ../../build/ros2_project_sc23ww/ros2_project_sc23ww.egg-info/PKG-INFO
writing dependency_links to ../../build/ros2_project_sc23ww/ros2_project_sc23ww.egg-info/dependency_links.txt
writing entry points to ../../build/ros2_project_sc23ww/ros2_project_sc23ww.egg-info/entry_points.txt
writing requirements to ../../build/ros2_project_sc23ww/ros2_project_sc23ww.egg-info/requires.txt
writing top-level names to ../../build/ros2_project_sc23ww/ros2_project_sc23ww.egg-info/top_level.txt
writing manifest file '../../build/ros2_project_sc23ww/ros2_project_sc23ww.egg-info/SOURCES.txt'
reading manifest file '../../build/ros2_project_sc23ww/ros2_project_sc23ww.egg-info/SOURCES.txt'
writing manifest file '../../build/ros2_project_sc23ww/ros2_project_sc23ww.egg-info/SOURCES.txt'
running build
running build_py
creating /uolstore/home/users/sc23ww/ros2_2proj/build/ros2_project_sc23ww/build
creating /uolstore/home/users/sc23ww/ros2_2proj/build/ros2_project_sc23ww/build/lib
creating /uolstore/home/users/sc23ww/ros2_2proj/build/ros2_project_sc23ww/build/lib/ros2_project_sc23ww
copying ros2_project_sc23ww/Skeleton_Code_First_Step.py -> /uolstore/home/users/sc23ww/ros2_2proj/build/ros2_project_sc23ww/build/lib/ros2_project_sc23ww
copying ros2_project_sc23ww/Skeleton_Code_Fourth_Step.py -> /uolstore/home/users/sc23ww/ros2_2proj/build/ros2_project_sc23ww/build/lib/ros2_project_sc23ww
copying ros2_project_sc23ww/Skeleton_Code_Second_Step.py -> /uolstore/home/users/sc23ww/ros2_2proj/build/ros2_project_sc23ww/build/lib/ros2_project_sc23ww
copying ros2_project_sc23ww/Skeleton_Code_Third_Step.py -> /uolstore/home/users/sc23ww/ros2_2proj/build/ros2_project_sc23ww/build/lib/ros2_project_sc23ww
copying ros2_project_sc23ww/__init__.py -> /uolstore/home/users/sc23ww/ros2_2proj/build/ros2_project_sc23ww/build/lib/ros2_project_sc23ww
copying ros2_project_sc23ww/project_node.py -> /uolstore/home/users/sc23ww/ros2_2proj/build/ros2_project_sc23ww/build/lib/ros2_project_sc23ww
running install
running install_lib
creating /uolstore/home/users/sc23ww/ros2_2proj/install/ros2_project_sc23ww/lib/python3.10/site-packages/ros2_project_sc23ww
copying /uolstore/home/users/sc23ww/ros2_2proj/build/ros2_project_sc23ww/build/lib/ros2_project_sc23ww/Skeleton_Code_First_Step.py -> /uolstore/home/users/sc23ww/ros2_2proj/install/ros2_project_sc23ww/lib/python3.10/site-packages/ros2_project_sc23ww
copying /uolstore/home/users/sc23ww/ros2_2proj/build/ros2_project_sc23ww/build/lib/ros2_project_sc23ww/Skeleton_Code_Fourth_Step.py -> /uolstore/home/users/sc23ww/ros2_2proj/install/ros2_project_sc23ww/lib/python3.10/site-packages/ros2_project_sc23ww
copying /uolstore/home/users/sc23ww/ros2_2proj/build/ros2_project_sc23ww/build/lib/ros2_project_sc23ww/Skeleton_Code_Second_Step.py -> /uolstore/home/users/sc23ww/ros2_2proj/install/ros2_project_sc23ww/lib/python3.10/site-packages/ros2_project_sc23ww
copying /uolstore/home/users/sc23ww/ros2_2proj/build/ros2_project_sc23ww/build/lib/ros2_project_sc23ww/Skeleton_Code_Third_Step.py -> /uolstore/home/users/sc23ww/ros2_2proj/install/ros2_project_sc23ww/lib/python3.10/site-packages/ros2_project_sc23ww
copying /uolstore/home/users/sc23ww/ros2_2proj/build/ros2_project_sc23ww/build/lib/ros2_project_sc23ww/__init__.py -> /uolstore/home/users/sc23ww/ros2_2proj/install/ros2_project_sc23ww/lib/python3.10/site-packages/ros2_project_sc23ww
copying /uolstore/home/users/sc23ww/ros2_2proj/build/ros2_project_sc23ww/build/lib/ros2_project_sc23ww/project_node.py -> /uolstore/home/users/sc23ww/ros2_2proj/install/ros2_project_sc23ww/lib/python3.10/site-packages/ros2_project_sc23ww
byte-compiling /uolstore/home/users/sc23ww/ros2_2proj/install/ros2_project_sc23ww/lib/python3.10/site-packages/ros2_project_sc23ww/Skeleton_Code_First_Step.py to Skeleton_Code_First_Step.cpython-310.pyc
byte-compiling /uolstore/home/users/sc23ww/ros2_2proj/install/ros2_project_sc23ww/lib/python3.10/site-packages/ros2_project_sc23ww/Skeleton_Code_Fourth_Step.py to Skeleton_Code_Fourth_Step.cpython-310.pyc
byte-compiling /uolstore/home/users/sc23ww/ros2_2proj/install/ros2_project_sc23ww/lib/python3.10/site-packages/ros2_project_sc23ww/Skeleton_Code_Second_Step.py to Skeleton_Code_Second_Step.cpython-310.pyc
byte-compiling /uolstore/home/users/sc23ww/ros2_2proj/install/ros2_project_sc23ww/lib/python3.10/site-packages/ros2_project_sc23ww/Skeleton_Code_Third_Step.py to Skeleton_Code_Third_Step.cpython-310.pyc
byte-compiling /uolstore/home/users/sc23ww/ros2_2proj/install/ros2_project_sc23ww/lib/python3.10/site-packages/ros2_project_sc23ww/__init__.py to __init__.cpython-310.pyc
byte-compiling /uolstore/home/users/sc23ww/ros2_2proj/install/ros2_project_sc23ww/lib/python3.10/site-packages/ros2_project_sc23ww/project_node.py to project_node.cpython-310.pyc
running install_data
creating /uolstore/home/users/sc23ww/ros2_2proj/install/ros2_project_sc23ww/share/ament_index
creating /uolstore/home/users/sc23ww/ros2_2proj/install/ros2_project_sc23ww/share/ament_index/resource_index
creating /uolstore/home/users/sc23ww/ros2_2proj/install/ros2_project_sc23ww/share/ament_index/resource_index/packages
copying resource/ros2_project_sc23ww -> /uolstore/home/users/sc23ww/ros2_2proj/install/ros2_project_sc23ww/share/ament_index/resource_index/packages
copying package.xml -> /uolstore/home/users/sc23ww/ros2_2proj/install/ros2_project_sc23ww/share/ros2_project_sc23ww
running install_egg_info
Copying ../../build/ros2_project_sc23ww/ros2_project_sc23ww.egg-info to /uolstore/home/users/sc23ww/ros2_2proj/install/ros2_project_sc23ww/lib/python3.10/site-packages/ros2_project_sc23ww-0.0.0-py3.10.egg-info
running install_scripts
Installing project_node script to /uolstore/home/users/sc23ww/ros2_2proj/install/ros2_project_sc23ww/lib/ros2_project_sc23ww
writing list of installed files to '/uolstore/home/users/sc23ww/ros2_2proj/build/ros2_project_sc23ww/install.log'
